PRT1
202
465
4 0 2 (6141.390137 4096 514 ) (6141.390137 4096 4181.500000 ) (5120 4096 4181.500000 ) (5120 4096 514 ) 
4 0 1 (5120 4606.819824 514 ) (5120 4096 514 ) (5120 4096 4181.500000 ) (5120 4606.819824 4181.500000 ) 
4 1 10 (4096 4096 514 ) (4096 4096 4181.500000 ) (4096 4606.819824 4181.500000 ) (4096 4606.819824 514 ) 
4 1 3 (4096 4096 4181.500000 ) (4096 4096 514 ) (5120 4096 514 ) (5120 4096 4181.500000 ) 
4 2 4 (6141.390137 3072 514 ) (6141.390137 3072 4181.500000 ) (5120 3072 4181.500000 ) (5120 3072 514 ) 
4 2 3 (5120 4096 4181.500000 ) (5120 4096 514 ) (5120 3072 514 ) (5120 3072 4181.500000 ) 
4 3 12 (4096 3072 514 ) (4096 3072 4181.500000 ) (4096 4096 4181.500000 ) (4096 4096 514 ) 
4 3 5 (5120 3072 514 ) (5120 3072 4181.500000 ) (4096 3072 4181.500000 ) (4096 3072 514 ) 
4 4 6 (6141.390137 2048 514 ) (6141.390137 2048 4181.500000 ) (5120 2048 4181.500000 ) (5120 2048 514 ) 
4 4 5 (5120 3072 4181.500000 ) (5120 3072 514 ) (5120 2048 514 ) (5120 2048 4181.500000 ) 
4 5 18 (4096 2048 514 ) (4096 2048 4181.500000 ) (4096 3072 4181.500000 ) (4096 3072 514 ) 
4 5 7 (5120 2048 514 ) (5120 2048 4181.500000 ) (4096 2048 4181.500000 ) (4096 2048 514 ) 
4 6 8 (6141.390137 1024 514 ) (6141.390137 1024 4181.500000 ) (5120 1024 4181.500000 ) (5120 1024 514 ) 
4 6 7 (5120 1024 514 ) (5120 1024 4181.500000 ) (5120 2048 4181.500000 ) (5120 2048 514 ) 
4 7 20 (4096 1024 514 ) (4096 1024 4181.500000 ) (4096 2048 4181.500000 ) (4096 2048 514 ) 
4 7 9 (4096 1024 4181.500000 ) (4096 1024 514 ) (5120 1024 514 ) (5120 1024 4181.500000 ) 
4 8 42 (6141.390137 0 514 ) (6141.390137 0 4181.500000 ) (5120 0 4181.500000 ) (5120 0 514 ) 
4 8 9 (5120 1024 4181.500000 ) (5120 1024 514 ) (5120 0 514 ) (5120 0 4181.500000 ) 
4 9 43 (5120 0 514 ) (5120 0 4181.500000 ) (4096 0 4181.500000 ) (4096 0 514 ) 
4 9 22 (4096 0 514 ) (4096 0 4181.500000 ) (4096 1024 4181.500000 ) (4096 1024 514 ) 
4 10 12 (4096 4096 514 ) (4096 4096 4181.500000 ) (3072 4096 4181.500000 ) (3072 4096 514 ) 
4 10 11 (3072 4606.819824 514 ) (3072 4096 514 ) (3072 4096 4181.500000 ) (3072 4606.819824 4181.500000 ) 
4 11 14 (2048 4096 514 ) (2048 4096 4181.500000 ) (2048 4606.819824 4181.500000 ) (2048 4606.819824 514 ) 
4 11 13 (2048 4096 4181.500000 ) (2048 4096 514 ) (3072 4096 514 ) (3072 4096 4181.500000 ) 
4 12 18 (4096 3072 514 ) (4096 3072 4181.500000 ) (3072 3072 4181.500000 ) (3072 3072 514 ) 
4 12 13 (3072 4096 4181.500000 ) (3072 4096 514 ) (3072 3072 514 ) (3072 3072 4181.500000 ) 
4 13 19 (3072 3072 514 ) (3072 3072 4181.500000 ) (2048 3072 4181.500000 ) (2048 3072 514 ) 
4 13 16 (2048 3072 514 ) (2048 3072 4181.500000 ) (2048 4096 4181.500000 ) (2048 4096 514 ) 
4 14 16 (2048 4096 514 ) (2048 4096 4181.500000 ) (1024 4096 4181.500000 ) (1024 4096 514 ) 
4 14 15 (1024 4606.819824 514 ) (1024 4096 514 ) (1024 4096 4181.500000 ) (1024 4606.819824 4181.500000 ) 
4 15 79 (0 4096 514 ) (0 4096 4181.500000 ) (0 4606.819824 4181.500000 ) (0 4606.819824 514 ) 
4 15 17 (0 4096 4181.500000 ) (0 4096 514 ) (1024 4096 514 ) (1024 4096 4181.500000 ) 
4 16 24 (2048 3072 514 ) (2048 3072 4181.500000 ) (1024 3072 4181.500000 ) (1024 3072 514 ) 
4 16 17 (1024 4096 4181.500000 ) (1024 4096 514 ) (1024 3072 514 ) (1024 3072 4181.500000 ) 
4 17 81 (0 3072 514 ) (0 3072 4181.500000 ) (0 4096 4181.500000 ) (0 4096 514 ) 
4 17 25 (1024 3072 514 ) (1024 3072 4181.500000 ) (0 3072 4181.500000 ) (0 3072 514 ) 
4 18 20 (4096 2048 514 ) (4096 2048 4181.500000 ) (3072 2048 4181.500000 ) (3072 2048 514 ) 
4 18 19 (3072 3072 4181.500000 ) (3072 3072 514 ) (3072 2048 514 ) (3072 2048 4181.500000 ) 
4 19 24 (2048 3072 4181.500000 ) (2048 3072 514 ) (2048 2048 514 ) (2048 2048 4181.500000 ) 
4 19 21 (3072 2048 514 ) (3072 2048 4181.500000 ) (2048 2048 4181.500000 ) (2048 2048 514 ) 
4 20 22 (4096 1024 514 ) (4096 1024 4181.500000 ) (3072 1024 4181.500000 ) (3072 1024 514 ) 
4 20 21 (3072 1024 514 ) (3072 1024 4181.500000 ) (3072 2048 4181.500000 ) (3072 2048 514 ) 
4 21 26 (2048 1024 514 ) (2048 1024 4181.500000 ) (2048 2048 4181.500000 ) (2048 2048 514 ) 
4 21 23 (2048 1024 4181.500000 ) (2048 1024 514 ) (3072 1024 514 ) (3072 1024 4181.500000 ) 
4 22 52 (4096 0 514 ) (4096 0 4181.500000 ) (3072 0 4181.500000 ) (3072 0 514 ) 
4 22 23 (3072 1024 4181.500000 ) (3072 1024 514 ) (3072 0 514 ) (3072 0 4181.500000 ) 
4 23 53 (3072 0 514 ) (3072 0 4181.500000 ) (2048 0 4181.500000 ) (2048 0 514 ) 
4 23 28 (2048 0 514 ) (2048 0 4181.500000 ) (2048 1024 4181.500000 ) (2048 1024 514 ) 
4 24 26 (2048 2048 514 ) (2048 2048 4181.500000 ) (1024 2048 4181.500000 ) (1024 2048 514 ) 
4 24 25 (1024 3072 4181.500000 ) (1024 3072 514 ) (1024 2048 514 ) (1024 2048 4181.500000 ) 
4 25 87 (0 2048 514 ) (0 2048 4181.500000 ) (0 3072 4181.500000 ) (0 3072 514 ) 
4 25 27 (1024 2048 514 ) (1024 2048 4181.500000 ) (0 2048 4181.500000 ) (0 2048 514 ) 
4 26 28 (2048 1024 514 ) (2048 1024 4181.500000 ) (1024 1024 4181.500000 ) (1024 1024 514 ) 
4 26 27 (1024 1024 514 ) (1024 1024 4181.500000 ) (1024 2048 4181.500000 ) (1024 2048 514 ) 
4 27 96 (0 1024 514 ) (0 1024 4181.500000 ) (0 2048 4181.500000 ) (0 2048 514 ) 
4 27 37 (0 1024 570 ) (0 1024 514 ) (292 1024 514 ) (292 1024 570 ) 
4 27 36 (292 1024 514 ) (1024 1024 514 ) (1024 1024 570 ) (292 1024 570 ) 
4 27 29 (0 1024 4181.500000 ) (0 1024 570 ) (1024 1024 570 ) (1024 1024 4181.500000 ) 
4 28 58 (2048 0 514 ) (2048 0 4181.500000 ) (1024 0 4181.500000 ) (1024 0 514 ) 
4 28 40 (1024 38 514 ) (1024 0 514 ) (1024 0 576 ) (1024 38 576 ) 
4 28 38 (1024 0 576 ) (1024 0 4181.500000 ) (1024 38 4181.500000 ) (1024 38 576 ) 
4 28 36 (1024 1024 570 ) (1024 1024 514 ) (1024 38 514 ) (1024 38 570 ) 
4 28 34 (1024 46 570 ) (1024 38 570 ) (1024 38 576 ) (1024 46 576 ) 
4 28 32 (1024 38 576 ) (1024 38 588 ) (1024 46 588 ) (1024 46 576 ) 
4 28 31 (1024 38 588 ) (1024 38 4181.500000 ) (1024 46 4181.500000 ) (1024 46 588 ) 
4 28 29 (1024 1024 4181.500000 ) (1024 1024 570 ) (1024 46 570 ) (1024 46 4181.500000 ) 
4 29 119 (0 1024 648 ) (0 1024 623.076904 ) (0 46 623.076904 ) (0 46 648 ) 
4 29 115 (0 46 4181.500000 ) (0 1024 4181.500000 ) (0 1024 648 ) (0 46 648 ) 
4 29 105 (0 1024 623.076904 ) (0 1024 570 ) (0 46 570 ) (0 46 623.076904 ) 
4 29 37 (0 46 570 ) (0 1024 570 ) (292 1024 570 ) (292 46 570 ) 
4 29 36 (292 1024 570 ) (1024 1024 570 ) (1024 46 570 ) (292 46 570 ) 
4 29 35 (0 46 570 ) (292 46 570 ) (292 46 576 ) (0 46 576 ) 
4 29 34 (292 46 570 ) (1024 46 570 ) (1024 46 576 ) (292 46 576 ) 
4 29 33 (214.588135 46 588 ) (0 46 588 ) (0 46 576 ) (288 46 576 ) 
4 29 32 (1024 46 576 ) (1024 46 588 ) (227 46 588 ) (298 46 576 ) 
5 29 31 (1024 46 588 ) (1024 46 4181.500000 ) (0 46 4181.500000 ) (0 46 626.366455 ) (227 46 588 ) 
3 29 30 (0 46 623.076904 ) (0 46 588 ) (214.588303 46 588 ) 
4 30 105 (0 46 623.076904 ) (0 46 588 ) (0 42 588 ) (0 42 623.076904 ) 
4 30 33 (0 42 588 ) (0 46 588 ) (214.588303 46 588 ) (214.588318 42 588 ) 
4 31 120 (0 46 648 ) (0 46 626.366455 ) (0 38 626.366211 ) (0 38 648 ) 
4 31 115 (0 38 4181.500000 ) (0 46 4181.500000 ) (0 46 648 ) (0 38 648 ) 
5 31 38 (1024 38 588 ) (1024 38 4181.500000 ) (0 38 4181.500000 ) (0 38 626.366455 ) (227 38 588 ) 
4 31 32 (1024 38 588 ) (227 38 588 ) (227 46 588 ) (1024 46 588 ) 
4 32 38 (1024 38 576 ) (1024 38 588 ) (227 38 588 ) (298 38 576 ) 
4 32 34 (1024 38 576 ) (298 38 576 ) (298 46 576 ) (1024 46 576 ) 
4 33 105 (0 46 588 ) (0 46 576 ) (0 42 576 ) (0 42 588 ) 
4 33 35 (0 42 576 ) (0 46 576 ) (288 46 576 ) (288 42 576 ) 
4 34 40 (1024 38 570 ) (1024 38 576 ) (292 38 576 ) (292 38 570 ) 
4 34 36 (1024 38 570 ) (292 38 570 ) (292 46 570 ) (1024 46 570 ) 
4 34 35 (292 42 576 ) (292 46 576 ) (292 46 570 ) (292 42 570 ) 
4 35 105 (0 46 576 ) (0 46 570 ) (0 42 570 ) (0 42 576 ) 
4 35 37 (0 42 570 ) (0 46 570 ) (292 46 570 ) (292 42 570 ) 
4 36 40 (292 38 514 ) (1024 38 514 ) (1024 38 570 ) (292 38 570 ) 
4 36 37 (292 1024 514 ) (292 42 514 ) (292 42 570 ) (292 1024 570 ) 
4 37 105 (0 1024 570 ) (0 1024 514 ) (0 42 514 ) (0 42 570 ) 
4 38 120 (0 0 626.366211 ) (0 0 648 ) (0 38 648 ) (0 38 626.366211 ) 
4 38 115 (0 0 648 ) (0 0 4181.500000 ) (0 38 4181.500000 ) (0 38 648 ) 
5 38 59 (1024 0 576 ) (1024 0 4181.500000 ) (0 0 4181.500000 ) (0 0 626.366211 ) (298 0 576 ) 
4 38 40 (1024 0 576 ) (298 0 576 ) (298 38 576 ) (1024 38 576 ) 
4 39 112 (0 0 576 ) (0 0 623.076904 ) (0 38 623.076904 ) (0 38 576 ) 
3 39 60 (0 0 623.076904 ) (0 0 576 ) (288 0 576 ) 
4 39 41 (288 0 576 ) (0 0 576 ) (0 38 576 ) (288 38 576 ) 
4 40 61 (1024 0 514 ) (1024 0 576 ) (292 0 576 ) (292 0 514 ) 
4 41 112 (0 0 514 ) (0 0 576 ) (0 38 576 ) (0 38 514 ) 
4 41 62 (288 0 576 ) (0 0 576 ) (0 0 514 ) (288 0 514 ) 
4 42 44 (6141.390137 -1024 514 ) (6141.390137 -1024 4181.500000 ) (5120 -1024 4181.500000 ) (5120 -1024 514 ) 
4 42 43 (5120 0 4181.500000 ) (5120 0 514 ) (5120 -1024 514 ) (5120 -1024 4181.500000 ) 
4 43 52 (4096 0 4181.500000 ) (4096 0 514 ) (4096 -1024 514 ) (4096 -1024 4181.500000 ) 
4 43 45 (5120 -1024 514 ) (5120 -1024 4181.500000 ) (4096 -1024 4181.500000 ) (4096 -1024 514 ) 
4 44 46 (6141.390137 -2048 514 ) (6141.390137 -2048 4181.500000 ) (5120 -2048 4181.500000 ) (5120 -2048 514 ) 
4 44 45 (5120 -2048 514 ) (5120 -2048 4181.500000 ) (5120 -1024 4181.500000 ) (5120 -1024 514 ) 
4 45 54 (4096 -2048 514 ) (4096 -2048 4181.500000 ) (4096 -1024 4181.500000 ) (4096 -1024 514 ) 
4 45 47 (4096 -2048 4181.500000 ) (4096 -2048 514 ) (5120 -2048 514 ) (5120 -2048 4181.500000 ) 
4 46 48 (6141.390137 -3072 514 ) (6141.390137 -3072 4181.500000 ) (5120 -3072 4181.500000 ) (5120 -3072 514 ) 
4 46 47 (5120 -2048 4181.500000 ) (5120 -2048 514 ) (5120 -3072 514 ) (5120 -3072 4181.500000 ) 
4 47 56 (4096 -3072 514 ) (4096 -3072 4181.500000 ) (4096 -2048 4181.500000 ) (4096 -2048 514 ) 
4 47 49 (5120 -3072 514 ) (5120 -3072 4181.500000 ) (4096 -3072 4181.500000 ) (4096 -3072 514 ) 
4 48 50 (6141.390137 -4096 514 ) (6141.390137 -4096 4181.500000 ) (5120 -4096 4181.500000 ) (5120 -4096 514 ) 
4 48 49 (5120 -4096 514 ) (5120 -4096 4181.500000 ) (5120 -3072 4181.500000 ) (5120 -3072 514 ) 
4 49 71 (4096 -4096 514 ) (4096 -4096 4181.500000 ) (4096 -3072 4181.500000 ) (4096 -3072 514 ) 
4 49 51 (4096 -4096 4181.500000 ) (4096 -4096 514 ) (5120 -4096 514 ) (5120 -4096 4181.500000 ) 
4 50 51 (5120 -4096 4181.500000 ) (5120 -4096 514 ) (5120 -4838.819824 514 ) (5120 -4838.819824 4181.500000 ) 
4 51 73 (4096 -4838.819824 4181.500000 ) (4096 -4096 4181.500000 ) (4096 -4096 514 ) (4096 -4838.819824 514 ) 
4 52 54 (4096 -1024 514 ) (4096 -1024 4181.500000 ) (3072 -1024 4181.500000 ) (3072 -1024 514 ) 
4 52 53 (3072 0 4181.500000 ) (3072 0 514 ) (3072 -1024 514 ) (3072 -1024 4181.500000 ) 
4 53 58 (2048 0 4181.500000 ) (2048 0 514 ) (2048 -1024 514 ) (2048 -1024 4181.500000 ) 
4 53 55 (3072 -1024 514 ) (3072 -1024 4181.500000 ) (2048 -1024 4181.500000 ) (2048 -1024 514 ) 
4 54 56 (4096 -2048 514 ) (4096 -2048 4181.500000 ) (3072 -2048 4181.500000 ) (3072 -2048 514 ) 
4 54 55 (3072 -2048 514 ) (3072 -2048 4181.500000 ) (3072 -1024 4181.500000 ) (3072 -1024 514 ) 
4 55 67 (2048 -2048 514 ) (2048 -2048 4181.500000 ) (2048 -1024 4181.500000 ) (2048 -1024 514 ) 
4 55 57 (2048 -2048 4181.500000 ) (2048 -2048 514 ) (3072 -2048 514 ) (3072 -2048 4181.500000 ) 
4 56 71 (4096 -3072 514 ) (4096 -3072 4181.500000 ) (3072 -3072 4181.500000 ) (3072 -3072 514 ) 
4 56 57 (3072 -2048 4181.500000 ) (3072 -2048 514 ) (3072 -3072 514 ) (3072 -3072 4181.500000 ) 
4 57 72 (3072 -3072 514 ) (3072 -3072 4181.500000 ) (2048 -3072 4181.500000 ) (2048 -3072 514 ) 
4 57 69 (2048 -3072 514 ) (2048 -3072 4181.500000 ) (2048 -2048 4181.500000 ) (2048 -2048 514 ) 
4 58 67 (2048 -1024 514 ) (2048 -1024 4181.500000 ) (1024 -1024 4181.500000 ) (1024 -1024 514 ) 
4 58 65 (1024 -54 514 ) (1024 -1024 514 ) (1024 -1024 916 ) (1024 -54 916 ) 
4 58 64 (1024 -1024 916 ) (1024 -1024 4181.500000 ) (1024 -54 4181.500000 ) (1024 -54 916 ) 
4 58 63 (1024 -50 514 ) (1024 -54 514 ) (1024 -54 576 ) (1024 -50 576 ) 
4 58 61 (1024 0 576 ) (1024 0 514 ) (1024 -50 514 ) (1024 -50 576 ) 
4 58 59 (1024 0 4181.500000 ) (1024 0 576 ) (1024 -54 576 ) (1024 -54 4181.500000 ) 
4 59 168 (0 0 648 ) (0 0 626.366211 ) (0 -54 626.366211 ) (0 -54 648 ) 
4 59 164 (0 0 4181.500000 ) (0 0 648 ) (0 -54 648 ) (0 -54 4181.500000 ) 
4 59 65 (576 -54 576 ) (1024 -54 576 ) (1024 -54 916 ) (576 -54 916 ) 
4 59 64 (0 -54 4181.500000 ) (0 -54 916 ) (1024 -54 916 ) (1024 -54 4181.500000 ) 
4 59 63 (1024 -54 576 ) (298 -54 576 ) (298 -50 576 ) (1024 -50 576 ) 
4 59 61 (298 -50 576 ) (298 0 576 ) (1024 0 576 ) (1024 -50 576 ) 
4 60 160 (0 0 623.076904 ) (0 0 576 ) (0 -50 576 ) (0 -50 623.076904 ) 
4 60 62 (0 -50 576 ) (0 0 576 ) (288 0 576 ) (288 -50 576 ) 
4 61 63 (292 -50 514 ) (1024 -50 514 ) (1024 -50 576 ) (292 -50 576 ) 
4 62 160 (0 0 576 ) (0 0 514 ) (0 -50 514 ) (0 -50 576 ) 
4 63 65 (576 -54 514 ) (1024 -54 514 ) (1024 -54 576 ) (576 -54 576 ) 
4 64 170 (0 -1024 916 ) (0 -1024 4181.500000 ) (0 -54 4181.500000 ) (0 -54 916 ) 
4 64 68 (1024 -1024 916 ) (1024 -1024 4181.500000 ) (0 -1024 4181.500000 ) (0 -1024 916 ) 
4 64 66 (576 -252 916 ) (576 -1024 916 ) (0 -1024 916 ) (0 -252 916 ) 
4 64 65 (576 -54 916 ) (1024 -54 916 ) (1024 -1024 916 ) (576 -1024 916 ) 
4 65 68 (1024 -1024 514 ) (1024 -1024 916 ) (576 -1024 916 ) (576 -1024 514 ) 
4 65 66 (576 -1024 916 ) (576 -252 916 ) (576 -252 514 ) (576 -1024 514 ) 
4 66 171 (0 -1024 514 ) (0 -1024 916 ) (0 -252 916 ) (0 -252 514 ) 
4 66 68 (576 -1024 916 ) (0 -1024 916 ) (0 -1024 514 ) (576 -1024 514 ) 
4 67 69 (2048 -2048 514 ) (2048 -2048 4181.500000 ) (1024 -2048 4181.500000 ) (1024 -2048 514 ) 
4 67 68 (1024 -2048 514 ) (1024 -2048 4181.500000 ) (1024 -1024 4181.500000 ) (1024 -1024 514 ) 
4 68 174 (0 -2048 514 ) (0 -2048 4181.500000 ) (0 -1024 4181.500000 ) (0 -1024 514 ) 
4 68 70 (0 -2048 4181.500000 ) (0 -2048 514 ) (1024 -2048 514 ) (1024 -2048 4181.500000 ) 
4 69 75 (2048 -3072 514 ) (2048 -3072 4181.500000 ) (1024 -3072 4181.500000 ) (1024 -3072 514 ) 
4 69 70 (1024 -2048 4181.500000 ) (1024 -2048 514 ) (1024 -3072 514 ) (1024 -3072 4181.500000 ) 
4 70 176 (0 -3072 514 ) (0 -3072 4181.500000 ) (0 -2048 4181.500000 ) (0 -2048 514 ) 
4 70 76 (1024 -3072 514 ) (1024 -3072 4181.500000 ) (0 -3072 4181.500000 ) (0 -3072 514 ) 
4 71 73 (4096 -4096 514 ) (4096 -4096 4181.500000 ) (3072 -4096 4181.500000 ) (3072 -4096 514 ) 
4 71 72 (3072 -4096 514 ) (3072 -4096 4181.500000 ) (3072 -3072 4181.500000 ) (3072 -3072 514 ) 
4 72 75 (2048 -4096 514 ) (2048 -4096 4181.500000 ) (2048 -3072 4181.500000 ) (2048 -3072 514 ) 
4 72 74 (3072 -4096 514 ) (3072 -4096 4181.500000 ) (2048 -4096 4181.500000 ) (2048 -4096 514 ) 
4 73 74 (3072 -4096 4181.500000 ) (3072 -4096 514 ) (3072 -4838.819824 514 ) (3072 -4838.819824 4181.500000 ) 
4 74 77 (2048 -4838.819824 4181.500000 ) (2048 -4096 4181.500000 ) (2048 -4096 514 ) (2048 -4838.819824 514 ) 
4 75 77 (2048 -4096 514 ) (2048 -4096 4181.500000 ) (1024 -4096 4181.500000 ) (1024 -4096 514 ) 
4 75 76 (1024 -4096 514 ) (1024 -4096 4181.500000 ) (1024 -3072 4181.500000 ) (1024 -3072 514 ) 
4 76 184 (0 -4096 514 ) (0 -4096 4181.500000 ) (0 -3072 4181.500000 ) (0 -3072 514 ) 
4 76 78 (0 -4096 4181.500000 ) (0 -4096 514 ) (1024 -4096 514 ) (1024 -4096 4181.500000 ) 
4 77 78 (1024 -4096 4181.500000 ) (1024 -4096 514 ) (1024 -4838.819824 514 ) (1024 -4838.819824 4181.500000 ) 
4 78 186 (0 -4838.819824 4181.500000 ) (0 -4096 4181.500000 ) (0 -4096 514 ) (0 -4838.819824 514 ) 
4 79 81 (0 4096 514 ) (0 4096 4181.500000 ) (-1024 4096 4181.500000 ) (-1024 4096 514 ) 
4 79 80 (-1024 4606.819824 514 ) (-1024 4096 514 ) (-1024 4096 4181.500000 ) (-1024 4606.819824 4181.500000 ) 
4 80 83 (-2048 4096 514 ) (-2048 4096 4181.500000 ) (-2048 4606.819824 4181.500000 ) (-2048 4606.819824 514 ) 
4 80 82 (-2048 4096 4181.500000 ) (-2048 4096 514 ) (-1024 4096 514 ) (-1024 4096 4181.500000 ) 
4 81 92 (-1024 3072 592 ) (-1024 3072 514 ) (-285 3072 514 ) (-285 3072 592 ) 
4 81 91 (-1024 3072 614 ) (-1024 3072 592 ) (-285 3072 592 ) (-285 3072 614 ) 
4 81 90 (-285 3072 4181.500000 ) (-1024 3072 4181.500000 ) (-1024 3072 614 ) (-285 3072 614 ) 
4 81 88 (-269 3072 4181.500000 ) (-285 3072 4181.500000 ) (-285 3072 514 ) (-269 3072 514 ) 
4 81 87 (0 3072 514 ) (0 3072 4181.500000 ) (-269 3072 4181.500000 ) (-269 3072 514 ) 
4 81 82 (-1024 4096 4181.500000 ) (-1024 4096 514 ) (-1024 3072 514 ) (-1024 3072 4181.500000 ) 
4 82 95 (-1024 3072 514 ) (-1024 3072 592 ) (-2048 3072 592 ) (-2048 3072 514 ) 
4 82 93 (-1024 3072 592 ) (-1024 3072 4181.500000 ) (-2048 3072 4181.500000 ) (-2048 3072 592 ) 
4 82 85 (-2048 3072 514 ) (-2048 3072 4181.500000 ) (-2048 4096 4181.500000 ) (-2048 4096 514 ) 
4 83 85 (-2048 4096 514 ) (-2048 4096 4181.500000 ) (-3072 4096 4181.500000 ) (-3072 4096 514 ) 
4 83 84 (-3072 4606.819824 514 ) (-3072 4096 514 ) (-3072 4096 4181.500000 ) (-3072 4606.819824 4181.500000 ) 
4 84 148 (-4096 4096 514 ) (-4096 4096 4181.500000 ) (-4096 4606.819824 4181.500000 ) (-4096 4606.819824 514 ) 
4 84 86 (-4096 4096 4181.500000 ) (-4096 4096 514 ) (-3072 4096 514 ) (-3072 4096 4181.500000 ) 
4 85 124 (-2462 3072 4181.500000 ) (-2502 3072 4181.500000 ) (-2502 3072 514 ) (-2462 3072 514 ) 
4 85 123 (-2048 3072 514 ) (-2048 3072 4181.500000 ) (-2462 3072 4181.500000 ) (-2462 3072 514 ) 
4 85 127 (-2502 3072 4181.500000 ) (-3072 3072 4181.500000 ) (-3072 3072 514 ) (-2502 3072 514 ) 
4 85 86 (-3072 4096 4181.500000 ) (-3072 4096 514 ) (-3072 3072 514 ) (-3072 3072 4181.500000 ) 
4 86 150 (-4096 3072 514 ) (-4096 3072 4181.500000 ) (-4096 4096 4181.500000 ) (-4096 4096 514 ) 
4 86 130 (-3072 3072 514 ) (-3072 3072 4181.500000 ) (-4096 3072 4181.500000 ) (-4096 3072 514 ) 
4 87 96 (0 2048 514 ) (0 2048 4181.500000 ) (-269 2048 4181.500000 ) (-269 2048 514 ) 
4 87 89 (-269 2048 614 ) (-269 2048 4181.500000 ) (-269 2056 4181.500000 ) (-269 2056 614 ) 
4 87 88 (-269 3072 514 ) (-269 2056 514 ) (-269 2056 4181.500000 ) (-269 3072 4181.500000 ) 
4 88 92 (-285 3072 592 ) (-285 3072 514 ) (-285 2056 514 ) (-285 2056 592 ) 
4 88 91 (-285 3072 614 ) (-285 3072 592 ) (-285 2056 592 ) (-285 2056 614 ) 
4 88 90 (-285 3072 4181.500000 ) (-285 3072 614 ) (-285 2056 614 ) (-285 2056 4181.500000 ) 
4 88 89 (-269 2056 614 ) (-269 2056 4181.500000 ) (-285 2056 4181.500000 ) (-285 2056 614 ) 
4 89 97 (-269 2048 4181.500000 ) (-285 2048 4181.500000 ) (-285 2048 614 ) (-269 2048 614 ) 
4 89 90 (-285 2048 614 ) (-285 2048 4181.500000 ) (-285 2056 4181.500000 ) (-285 2056 614 ) 
4 90 99 (-1024 2048 4181.500000 ) (-1024 2048 614 ) (-285 2048 614 ) (-285 2048 4181.500000 ) 
4 90 94 (-1024 2056 614 ) (-1024 2048 614 ) (-1024 2048 4181.500000 ) (-1024 2056 4181.500000 ) 
4 90 93 (-1024 3072 4181.500000 ) (-1024 3072 614 ) (-1024 2056 614 ) (-1024 2056 4181.500000 ) 
4 90 91 (-1024 2056 614 ) (-1024 3072 614 ) (-285 3072 614 ) (-285 2056 614 ) 
4 91 93 (-1024 3072 614 ) (-1024 3072 592 ) (-1024 2056 592 ) (-1024 2056 614 ) 
4 91 92 (-1024 3072 592 ) (-285 3072 592 ) (-285 2056 592 ) (-1024 2056 592 ) 
4 92 95 (-1024 3072 592 ) (-1024 3072 514 ) (-1024 2056 514 ) (-1024 2056 592 ) 
4 93 123 (-2048 3072 4181.500000 ) (-2048 3072 592 ) (-2048 2056 592 ) (-2048 2056 4181.500000 ) 
4 93 95 (-2048 2056 592 ) (-2048 3072 592 ) (-1024 3072 592 ) (-1024 2056 592 ) 
4 93 94 (-1024 2056 614 ) (-1024 2056 4181.500000 ) (-2048 2056 4181.500000 ) (-2048 2056 614 ) 
4 94 128 (-2048 2048 614 ) (-2048 2048 4181.500000 ) (-2048 2056 4181.500000 ) (-2048 2056 614 ) 
4 94 102 (-1024 2048 614 ) (-1024 2048 4181.500000 ) (-2048 2048 4181.500000 ) (-2048 2048 614 ) 
4 95 123 (-2048 3072 592 ) (-2048 3072 514 ) (-2048 2056 514 ) (-2048 2056 592 ) 
4 96 119 (0 1024 623.076904 ) (0 1024 648 ) (-128 1024 648 ) (-128 1024 644 ) 
3 96 121 (-128 1024 648 ) (-152.470581 1024 648 ) (-128 1024 644 ) 
4 96 116 (-124 1024 4181.500000 ) (-126 1024 4181.500000 ) (-126 1024 648 ) (-124 1024 648 ) 
4 96 115 (0 1024 648 ) (0 1024 4181.500000 ) (-124 1024 4181.500000 ) (-124 1024 648 ) 
5 96 118 (-126 1024 4181.500000 ) (-269 1024 4181.500000 ) (-269 1024 667.048096 ) (-152.470581 1024 648 ) (-126 1024 648 ) 
4 96 105 (0 1024 514 ) (0 1024 623.076904 ) (-269 1024 667.048096 ) (-269 1024 514 ) 
4 96 97 (-269 1568 614 ) (-269 1568 4181.500000 ) (-269 2048 4181.500000 ) (-269 2048 614 ) 
4 96 98 (-269 1568 514 ) (-269 1024 514 ) (-269 1024 4181.500000 ) (-269 1568 4181.500000 ) 
4 97 99 (-285 1568 614 ) (-285 1568 4181.500000 ) (-285 2048 4181.500000 ) (-285 2048 614 ) 
4 97 98 (-269 1568 614 ) (-269 1568 4181.500000 ) (-285 1568 4181.500000 ) (-285 1568 614 ) 
4 98 118 (-269 1024 4181.500000 ) (-285 1024 4181.500000 ) (-285 1024 669.663330 ) (-269 1024 667.048096 ) 
4 98 105 (-285 1024 669.663330 ) (-285 1024 514 ) (-269 1024 514 ) (-269 1024 667.048096 ) 
4 98 101 (-285 1568 514 ) (-285 1024 514 ) (-285 1024 614 ) (-285 1568 614 ) 
4 98 99 (-285 1024 614 ) (-285 1024 4181.500000 ) (-285 1568 4181.500000 ) (-285 1568 614 ) 
4 99 118 (-1024 1024 4181.500000 ) (-1024 1024 790.461426 ) (-285 1024 669.663391 ) (-285 1024 4181.500000 ) 
4 99 105 (-1024 1024 790.461426 ) (-1024 1024 614 ) (-285 1024 614 ) (-285 1024 669.663391 ) 
4 99 102 (-1024 1024 614 ) (-1024 1024 4181.500000 ) (-1024 2048 4181.500000 ) (-1024 2048 614 ) 
4 99 100 (-285 2039.459961 614 ) (-285 1584.540039 614 ) (-1024 1584.540039 614 ) (-1024 2039.459961 614 ) 
4 99 101 (-285 1568 614 ) (-285 1024 614 ) (-1024 1024 614 ) (-1024 1568 614 ) 
4 100 103 (-1024 1584.540039 614 ) (-1024 2039.459961 614 ) (-1024 2039.459961 514 ) (-1024 1584.540039 514 ) 
4 101 105 (-1024 1024 614 ) (-1024 1024 514 ) (-285 1024 514 ) (-285 1024 614 ) 
4 101 104 (-1024 1024 514 ) (-1024 1024 614 ) (-1024 1568 614 ) (-1024 1568 514 ) 
4 102 131 (-2048 1024 614 ) (-2048 1024 4181.500000 ) (-2048 2048 4181.500000 ) (-2048 2048 614 ) 
4 102 122 (-2048 1024 4181.500000 ) (-2048 1024 614 ) (-1024 1024 614 ) (-1024 1024 4181.500000 ) 
4 102 103 (-2048 1584.540039 614 ) (-2048 2039.459961 614 ) (-1024 2039.459961 614 ) (-1024 1584.540039 614 ) 
4 102 104 (-1024 1024 614 ) (-2048 1024 614 ) (-2048 1568 614 ) (-1024 1568 614 ) 
4 103 139 (-2048 1584.540039 614 ) (-2048 1816 614 ) (-2048 1816 514 ) (-2048 1584.540039 514 ) 
4 103 134 (-2048 2039.459961 592 ) (-2048 2039.459961 514 ) (-2048 1856 514 ) (-2048 1856 592 ) 
4 103 132 (-2048 1856 614 ) (-2048 2039.459961 614 ) (-2048 2039.459961 592 ) (-2048 1856 592 ) 
4 103 138 (-2048 1816 614 ) (-2048 1856 614 ) (-2048 1856 514 ) (-2048 1816 514 ) 
4 104 143 (-2048 1024 514 ) (-2048 1024 614 ) (-2048 1568 614 ) (-2048 1568 514 ) 
4 104 122 (-2048 1024 614 ) (-2048 1024 514 ) (-1024 1024 514 ) (-1024 1024 614 ) 
4 105 122 (-1024 1024 790.461670 ) (-1024 1024 514 ) (-1024 42 514 ) (-1024 42 790.461548 ) 
4 105 119 (0 46 623.076660 ) (0 1024 623.076660 ) (-128 1024 644 ) (-128 46 644 ) 
4 105 121 (-152.472351 42 648 ) (-128 42 644 ) (-128 1024 644 ) (-152.472336 1024 648 ) 
4 105 118 (-1024 1024 790.461121 ) (-1024 42 790.461121 ) (-152.472351 42 648 ) (-152.472336 1024 648 ) 
4 105 109 (-1024 42 514 ) (-122 42 514 ) (-122 42 570 ) (-1024 42 570 ) 
4 105 108 (-122 42 588 ) (-1024 42 588 ) (-1024 42 570 ) (-122 42 570 ) 
4 105 107 (-16 42 588 ) (-36 42 588 ) (-36 42 570 ) (-16 42 570 ) 
4 105 106 (-122 42 643.018433 ) (-1024 42 790.460693 ) (-1024 42 588 ) (-122 42 588 ) 
4 106 122 (-1024 38 588 ) (-1024 38 790.461548 ) (-1024 42 790.461548 ) (-1024 42 588 ) 
4 106 121 (-152.472473 38 648 ) (-128 38 644 ) (-128 42 644 ) (-152.472504 42 648 ) 
4 106 118 (-1024 42 790.461121 ) (-1024 38 790.461121 ) (-152.472473 38 648 ) (-152.472504 42 648 ) 
4 106 114 (-1024 38 624 ) (-1024 38 588 ) (-122 38 588 ) (-122 38 624 ) 
4 106 111 (-122 38 643.018433 ) (-1024 38 790.460754 ) (-1024 38 624 ) (-122 38 624 ) 
4 106 108 (-122 38 588 ) (-1024 38 588 ) (-1024 42 588 ) (-122 42 588 ) 
4 107 112 (-16 38 588 ) (-36 38 588 ) (-36 38 570 ) (-16 38 570 ) 
4 108 122 (-1024 38 570 ) (-1024 38 588 ) (-1024 42 588 ) (-1024 42 570 ) 
4 108 114 (-122 38 588 ) (-1024 38 588 ) (-1024 38 570 ) (-122 38 570 ) 
4 108 109 (-122 38 570 ) (-1024 38 570 ) (-1024 42 570 ) (-122 42 570 ) 
4 109 122 (-1024 42 514 ) (-1024 38 514 ) (-1024 38 570 ) (-1024 42 570 ) 
4 109 114 (-1024 38 514 ) (-122 38 514 ) (-122 38 570 ) (-1024 38 570 ) 
3 110 158 (-5.647169 0 624 ) (-118 0 642.365356 ) (-118 0 624 ) 
4 110 112 (-118 38 624 ) (-5.648438 38 624 ) (-5.648435 0 624 ) (-118 0 624 ) 
4 111 159 (-122 0 643.019226 ) (-1024 0 790.461670 ) (-1024 0 624 ) (-122 0 624 ) 
4 111 122 (-1024 0 624 ) (-1024 0 790.461548 ) (-1024 38 790.461548 ) (-1024 38 624 ) 
4 111 121 (-152.472473 0 648 ) (-128 0 644 ) (-128 38 644 ) (-152.472504 38 648 ) 
4 111 118 (-1024 38 790.461121 ) (-1024 0 790.461121 ) (-152.472473 0 648 ) (-152.472504 38 648 ) 
4 111 114 (-1024 0 624 ) (-1024 38 624 ) (-122 38 624 ) (-122 0 624 ) 
5 112 160 (0 0 514 ) (0 0 623.076904 ) (-5.647169 0 624 ) (-118 0 624 ) (-118 0 514 ) 
4 112 113 (-118 0 624 ) (-118 20 624 ) (-118 20 514 ) (-118 0 514 ) 
4 113 161 (-118 0 624 ) (-122 0 624 ) (-122 0 514 ) (-118 0 514 ) 
4 113 114 (-122 0 624 ) (-122 20 624 ) (-122 20 514 ) (-122 0 514 ) 
4 114 162 (-122 0 624 ) (-1024 0 624 ) (-1024 0 514 ) (-122 0 514 ) 
4 114 122 (-1024 38 514 ) (-1024 0 514 ) (-1024 0 624 ) (-1024 38 624 ) 
4 115 164 (0 0 648 ) (0 0 4181.500000 ) (-124 0 4181.500000 ) (-124 0 648 ) 
4 115 120 (0 46 648 ) (0 0 648 ) (-124 0 648 ) (-124 46 648 ) 
4 115 119 (-124 1024 648 ) (0 1024 648 ) (0 46 648 ) (-124 46 648 ) 
4 115 117 (-124 0 692 ) (-124 0 4181.500000 ) (-124 40 4181.500000 ) (-124 40 692 ) 
4 115 116 (-124 1024 648 ) (-124 40 648 ) (-124 40 4181.500000 ) (-124 1024 4181.500000 ) 
4 116 120 (-124 46 648 ) (-124 40 648 ) (-126 40 648 ) (-126 46 648 ) 
4 116 119 (-126 1024 648 ) (-124 1024 648 ) (-124 46 648 ) (-126 46 648 ) 
4 116 117 (-126 40 4181.500000 ) (-126 40 692 ) (-124 40 692 ) (-124 40 4181.500000 ) 
4 116 118 (-126 1024 648 ) (-126 40 648 ) (-126 40 4181.500000 ) (-126 1024 4181.500000 ) 
4 117 165 (-124 0 4181.500000 ) (-126 0 4181.500000 ) (-126 0 692 ) (-124 0 692 ) 
4 117 118 (-126 0 692 ) (-126 0 4181.500000 ) (-126 40 4181.500000 ) (-126 40 692 ) 
5 118 167 (-126 0 4181.500000 ) (-1024 0 4181.500000 ) (-1024 0 790.461670 ) (-152.470581 0 648 ) (-126 0 648 ) 
4 118 122 (-1024 1024 4181.500000 ) (-1024 1024 790.461670 ) (-1024 0 790.461548 ) (-1024 0 4181.500000 ) 
4 118 120 (-126 46 648 ) (-126 0 648 ) (-128 0 648 ) (-128 46 648 ) 
4 118 119 (-128 1024 648 ) (-126 1024 648 ) (-126 46 648 ) (-128 46 648 ) 
4 118 121 (-152.468750 0 648 ) (-152.468811 1024 648 ) (-128 1024 648 ) (-128 0 648 ) 
3 119 120 (-128 46 648 ) (0 46 626.366211 ) (0 46 648 ) 
4 119 121 (-128 1024 644.001953 ) (-128 46 644.001953 ) (-128 46 648 ) (-128 1024 648 ) 
3 120 168 (0 0 626.366211 ) (0 0 648 ) (-128 0 648 ) 
3 121 169 (-128 0 648 ) (-152.470581 0 648 ) (-128 0 644 ) 
4 122 173 (-1024 0 514 ) (-1024 0 4181.500000 ) (-2048 0 4181.500000 ) (-2048 0 514 ) 
4 122 146 (-2048 0 514 ) (-2048 0 4181.500000 ) (-2048 1024 4181.500000 ) (-2048 1024 514 ) 
4 123 128 (-2048 2056 614 ) (-2048 2056 4181.500000 ) (-2462 2056 4181.500000 ) (-2462 2056 614 ) 
4 123 125 (-2462 2131 592 ) (-2462 2131 4181.500000 ) (-2462 2249 4181.500000 ) (-2462 2249 592 ) 
4 123 124 (-2462 3072 514 ) (-2462 2249 514 ) (-2462 2249 4181.500000 ) (-2462 3072 4181.500000 ) 
4 123 126 (-2462 2131 514 ) (-2462 2056 514 ) (-2462 2056 4181.500000 ) (-2462 2131 4181.500000 ) 
4 124 125 (-2502 2249 4181.500000 ) (-2502 2249 592 ) (-2462 2249 592 ) (-2462 2249 4181.500000 ) 
4 124 127 (-2502 3072 514 ) (-2502 2249 514 ) (-2502 2249 4181.500000 ) (-2502 3072 4181.500000 ) 
4 125 127 (-2502 2131 592 ) (-2502 2131 4181.500000 ) (-2502 2249 4181.500000 ) (-2502 2249 592 ) 
4 125 126 (-2502 2131 4181.500000 ) (-2502 2131 592 ) (-2462 2131 592 ) (-2462 2131 4181.500000 ) 
4 126 128 (-2462 2056 614 ) (-2462 2056 4181.500000 ) (-2502 2056 4181.500000 ) (-2502 2056 614 ) 
4 126 127 (-2502 2131 514 ) (-2502 2056 514 ) (-2502 2056 4181.500000 ) (-2502 2131 4181.500000 ) 
4 127 130 (-3072 3072 4181.500000 ) (-3072 3072 514 ) (-3072 2056 514 ) (-3072 2056 4181.500000 ) 
4 127 129 (-2544 2056 514 ) (-2504 2056 514 ) (-2504 2056 592 ) (-2544 2056 592 ) 
4 127 128 (-3072 2056 4181.500000 ) (-3072 2056 614 ) (-2502 2056 614 ) (-2502 2056 4181.500000 ) 
4 128 131 (-2048 2048 614 ) (-2048 2048 4181.500000 ) (-3072 2048 4181.500000 ) (-3072 2048 614 ) 
4 128 130 (-3072 2048 614 ) (-3072 2048 4181.500000 ) (-3072 2056 4181.500000 ) (-3072 2056 614 ) 
4 129 135 (-2504 2048 592 ) (-2544 2048 592 ) (-2544 2048 514 ) (-2504 2048 514 ) 
4 130 152 (-4096 2048 514 ) (-4096 2048 4181.500000 ) (-4096 3072 4181.500000 ) (-4096 3072 514 ) 
4 130 145 (-3072 2048 514 ) (-3072 2048 4181.500000 ) (-4096 2048 4181.500000 ) (-4096 2048 514 ) 
4 131 146 (-2048 1024 614 ) (-2048 1024 4181.500000 ) (-3072 1024 4181.500000 ) (-3072 1024 614 ) 
4 131 145 (-3072 1024 614 ) (-3072 1024 4181.500000 ) (-3072 2048 4181.500000 ) (-3072 2048 614 ) 
4 131 144 (-3072 1024 614 ) (-3072 1568 614 ) (-3056 1568 614 ) (-3056 1024 614 ) 
4 131 143 (-2048 1568 614 ) (-2048 1024 614 ) (-3056 1024 614 ) (-3056 1568 614 ) 
4 131 141 (-3056 1814 614 ) (-3056 1816 614 ) (-2676 1816 614 ) (-2676 1814 614 ) 
4 131 142 (-2676 1584.540039 614 ) (-3056 1584.540039 614 ) (-3056 1810 614 ) (-2676 1810 614 ) 
4 131 140 (-2672 1584.540039 614 ) (-2676 1584.540039 614 ) (-2676 1808 614 ) (-2672 1808 614 ) 
4 131 139 (-2048 1816 614 ) (-2048 1584.540039 614 ) (-2672 1584.540039 614 ) (-2672 1816 614 ) 
4 131 133 (-2676 2039.459961 614 ) (-2676 1856 614 ) (-3056 1856 614 ) (-3056 2039.459961 614 ) 
4 131 132 (-2048 2039.459961 614 ) (-2048 1856 614 ) (-2672 1856 614 ) (-2672 2039.459961 614 ) 
4 131 138 (-2048 1856 614 ) (-2048 1816 614 ) (-3056 1816 614 ) (-3056 1856 614 ) 
4 132 136 (-2544 1856 592 ) (-2672 1856 592 ) (-2672 2039.459961 592 ) (-2544 2039.459961 592 ) 
4 132 134 (-2048 1856 592 ) (-2504 1856 592 ) (-2504 2039.459961 592 ) (-2048 2039.459961 592 ) 
4 132 135 (-2504 1856 592 ) (-2544 1856 592 ) (-2544 2039.459961 592 ) (-2504 2039.459961 592 ) 
4 132 138 (-2672 1856 592 ) (-2048 1856 592 ) (-2048 1856 614 ) (-2672 1856 614 ) 
4 133 137 (-2676 1856 592 ) (-3056 1856 592 ) (-3056 2039.459961 592 ) (-2676 2039.459961 592 ) 
4 133 138 (-3056 1856 614 ) (-3056 1856 592 ) (-2676 1856 592 ) (-2676 1856 614 ) 
4 134 135 (-2504 2039.459961 514 ) (-2504 1856 514 ) (-2504 1856 592 ) (-2504 2039.459961 592 ) 
4 134 138 (-2504 1856 514 ) (-2048 1856 514 ) (-2048 1856 592 ) (-2504 1856 592 ) 
4 135 136 (-2544 2039.459961 514 ) (-2544 1856 514 ) (-2544 1856 592 ) (-2544 2039.459961 592 ) 
4 135 138 (-2544 1856 514 ) (-2504 1856 514 ) (-2504 1856 592 ) (-2544 1856 592 ) 
4 136 138 (-2672 1856 514 ) (-2544 1856 514 ) (-2544 1856 592 ) (-2672 1856 592 ) 
4 137 138 (-3056 1856 592 ) (-3056 1856 514 ) (-2676 1856 514 ) (-2676 1856 592 ) 
4 138 141 (-3056 1816 614 ) (-3056 1816 514 ) (-2676 1816 514 ) (-2676 1816 614 ) 
4 138 139 (-2672 1816 514 ) (-2048 1816 514 ) (-2048 1816 614 ) (-2672 1816 614 ) 
4 139 140 (-2672 1808 514 ) (-2672 1584.540039 514 ) (-2672 1584.540039 614 ) (-2672 1808 614 ) 
4 140 142 (-2676 1808 514 ) (-2676 1584.540039 514 ) (-2676 1584.540039 614 ) (-2676 1808 614 ) 
4 143 146 (-2048 1024 514 ) (-2048 1024 614 ) (-3056 1024 614 ) (-3056 1024 514 ) 
4 143 144 (-3056 1568 514 ) (-3056 1024 514 ) (-3056 1024 614 ) (-3056 1568 614 ) 
4 144 146 (-3056 1024 614 ) (-3072 1024 614 ) (-3072 1024 514 ) (-3056 1024 514 ) 
4 144 145 (-3072 1024 514 ) (-3072 1024 614 ) (-3072 1568 614 ) (-3072 1568 514 ) 
4 145 154 (-4096 1024 514 ) (-4096 1024 4181.500000 ) (-4096 2048 4181.500000 ) (-4096 2048 514 ) 
4 145 147 (-4096 1024 4181.500000 ) (-4096 1024 514 ) (-3072 1024 514 ) (-3072 1024 4181.500000 ) 
4 146 178 (-2048 0 514 ) (-2048 0 4181.500000 ) (-3072 0 4181.500000 ) (-3072 0 514 ) 
4 146 147 (-3072 1024 4181.500000 ) (-3072 1024 514 ) (-3072 0 514 ) (-3072 0 4181.500000 ) 
4 147 179 (-3072 0 514 ) (-3072 0 4181.500000 ) (-4096 0 4181.500000 ) (-4096 0 514 ) 
4 147 156 (-4096 0 514 ) (-4096 0 4181.500000 ) (-4096 1024 4181.500000 ) (-4096 1024 514 ) 
4 148 150 (-4096 4096 514 ) (-4096 4096 4181.500000 ) (-5120 4096 4181.500000 ) (-5120 4096 514 ) 
4 148 149 (-5120 4606.819824 514 ) (-5120 4096 514 ) (-5120 4096 4181.500000 ) (-5120 4606.819824 4181.500000 ) 
4 149 151 (-5120 4096 514 ) (-5120 4096 4181.500000 ) (-5814.299805 4096 4181.500000 ) (-5814.299805 4096 514 ) 
4 150 152 (-4096 3072 514 ) (-4096 3072 4181.500000 ) (-5120 3072 4181.500000 ) (-5120 3072 514 ) 
4 150 151 (-5120 4096 4181.500000 ) (-5120 4096 514 ) (-5120 3072 514 ) (-5120 3072 4181.500000 ) 
4 151 153 (-5120 3072 514 ) (-5120 3072 4181.500000 ) (-5814.299805 3072 4181.500000 ) (-5814.299805 3072 514 ) 
4 152 154 (-4096 2048 514 ) (-4096 2048 4181.500000 ) (-5120 2048 4181.500000 ) (-5120 2048 514 ) 
4 152 153 (-5120 3072 4181.500000 ) (-5120 3072 514 ) (-5120 2048 514 ) (-5120 2048 4181.500000 ) 
4 153 155 (-5120 2048 514 ) (-5120 2048 4181.500000 ) (-5814.299805 2048 4181.500000 ) (-5814.299805 2048 514 ) 
4 154 156 (-4096 1024 514 ) (-4096 1024 4181.500000 ) (-5120 1024 4181.500000 ) (-5120 1024 514 ) 
4 154 155 (-5120 1024 514 ) (-5120 1024 4181.500000 ) (-5120 2048 4181.500000 ) (-5120 2048 514 ) 
4 155 157 (-5120 1024 514 ) (-5120 1024 4181.500000 ) (-5814.299805 1024 4181.500000 ) (-5814.299805 1024 514 ) 
4 156 192 (-4096 0 514 ) (-4096 0 4181.500000 ) (-5120 0 4181.500000 ) (-5120 0 514 ) 
4 156 157 (-5120 1024 4181.500000 ) (-5120 1024 514 ) (-5120 0 514 ) (-5120 0 4181.500000 ) 
4 157 193 (-5120 0 514 ) (-5120 0 4181.500000 ) (-5814.299805 0 4181.500000 ) (-5814.299805 0 514 ) 
4 158 160 (-5.644531 -50 624 ) (-118 -50 624 ) (-118 0 624 ) (-5.644534 0 624 ) 
4 159 173 (-1024 0 790.461670 ) (-1024 0 624 ) (-1024 -50 624 ) (-1024 -50 790.461548 ) 
4 159 169 (-128 0 644 ) (-152.469131 0 648 ) (-152.469482 -50 648 ) (-128 -50 644 ) 
4 159 167 (-152.469131 0 648 ) (-1024 0 790.461731 ) (-1024 -50 790.461670 ) (-152.469482 -50 648 ) 
4 159 163 (-122 -50 643.018433 ) (-1024 -50 790.460693 ) (-1024 -50 624 ) (-122 -50 624 ) 
4 159 162 (-122 -50 624 ) (-1024 -50 624 ) (-1024 0 624 ) (-122 0 624 ) 
4 160 161 (-118 0 514 ) (-118 -32 514 ) (-118 -32 624 ) (-118 0 624 ) 
4 161 162 (-122 0 514 ) (-122 -32 514 ) (-122 -32 624 ) (-122 0 624 ) 
4 162 173 (-1024 0 624 ) (-1024 0 514 ) (-1024 -50 514 ) (-1024 -50 624 ) 
4 162 163 (-1024 -50 514 ) (-122 -50 514 ) (-122 -50 624 ) (-1024 -50 624 ) 
4 163 173 (-1024 -50 514 ) (-1024 -54 514 ) (-1024 -54 790.461548 ) (-1024 -50 790.461548 ) 
4 163 172 (-1024 -54 790.461670 ) (-1024 -54 514 ) (-350 -54 514 ) (-350 -54 680.288513 ) 
4 163 169 (-152.469482 -54 648 ) (-128 -54 644 ) (-128 -50 644 ) (-152.469147 -50 648 ) 
4 163 167 (-1024 -54 790.461670 ) (-152.469482 -54 648 ) (-152.469147 -50 648 ) (-1024 -50 790.461670 ) 
4 164 170 (0 -54 916 ) (0 -54 4181.500000 ) (-124 -54 4181.500000 ) (-124 -54 916 ) 
4 164 168 (0 -54 648 ) (-124 -54 648 ) (-124 0 648 ) (0 0 648 ) 
4 164 165 (-124 -50 692 ) (-124 -50 4181.500000 ) (-124 0 4181.500000 ) (-124 0 692 ) 
4 164 166 (-124 -50 648 ) (-124 -54 648 ) (-124 -54 4181.500000 ) (-124 -50 4181.500000 ) 
4 165 166 (-126 -50 4181.500000 ) (-126 -50 692 ) (-124 -50 692 ) (-124 -50 4181.500000 ) 
4 165 167 (-126 -50 692 ) (-126 -50 4181.500000 ) (-126 0 4181.500000 ) (-126 0 692 ) 
4 166 170 (-124 -54 916 ) (-124 -54 4181.500000 ) (-126 -54 4181.500000 ) (-126 -54 916 ) 
4 166 168 (-124 -54 648 ) (-126 -54 648 ) (-126 -50 648 ) (-124 -50 648 ) 
4 166 167 (-126 -50 648 ) (-126 -54 648 ) (-126 -54 4181.500000 ) (-126 -50 4181.500000 ) 
4 167 173 (-1024 0 4181.500000 ) (-1024 0 790.461670 ) (-1024 -54 790.461548 ) (-1024 -54 4181.500000 ) 
4 167 172 (-1024 -54 916 ) (-1024 -54 790.461670 ) (-350 -54 680.288513 ) (-350 -54 916 ) 
4 167 170 (-1024 -54 4181.500000 ) (-1024 -54 916 ) (-126 -54 916 ) (-126 -54 4181.500000 ) 
4 167 168 (-126 -54 648 ) (-128 -54 648 ) (-128 0 648 ) (-126 0 648 ) 
4 167 169 (-128 -54 648 ) (-152.468750 -54 648 ) (-152.468750 0 648 ) (-128 0 648 ) 
4 170 174 (0 -1024 916 ) (0 -1024 4181.500000 ) (-1024 -1024 4181.500000 ) (-1024 -1024 916 ) 
4 170 173 (-1024 -1024 916 ) (-1024 -1024 4181.500000 ) (-1024 -54 4181.500000 ) (-1024 -54 916 ) 
4 170 171 (0 -1024 916 ) (-350 -1024 916 ) (-350 -252 916 ) (0 -252 916 ) 
4 170 172 (-350 -1024 916 ) (-1024 -1024 916 ) (-1024 -54 916 ) (-350 -54 916 ) 
4 171 174 (0 -1024 514 ) (0 -1024 916 ) (-350 -1024 916 ) (-350 -1024 514 ) 
4 171 172 (-350 -1024 916 ) (-350 -252 916 ) (-350 -252 514 ) (-350 -1024 514 ) 
4 172 174 (-350 -1024 916 ) (-1024 -1024 916 ) (-1024 -1024 514 ) (-350 -1024 514 ) 
4 172 173 (-1024 -54 514 ) (-1024 -1024 514 ) (-1024 -1024 916 ) (-1024 -54 916 ) 
4 173 178 (-2048 0 4181.500000 ) (-2048 0 514 ) (-2048 -1024 514 ) (-2048 -1024 4181.500000 ) 
4 173 175 (-1024 -1024 514 ) (-1024 -1024 4181.500000 ) (-2048 -1024 4181.500000 ) (-2048 -1024 514 ) 
4 174 176 (0 -2048 514 ) (0 -2048 4181.500000 ) (-1024 -2048 4181.500000 ) (-1024 -2048 514 ) 
4 174 175 (-1024 -2048 514 ) (-1024 -2048 4181.500000 ) (-1024 -1024 4181.500000 ) (-1024 -1024 514 ) 
4 175 180 (-2048 -2048 514 ) (-2048 -2048 4181.500000 ) (-2048 -1024 4181.500000 ) (-2048 -1024 514 ) 
4 175 177 (-2048 -2048 4181.500000 ) (-2048 -2048 514 ) (-1024 -2048 514 ) (-1024 -2048 4181.500000 ) 
4 176 184 (0 -3072 514 ) (0 -3072 4181.500000 ) (-1024 -3072 4181.500000 ) (-1024 -3072 514 ) 
4 176 177 (-1024 -2048 4181.500000 ) (-1024 -2048 514 ) (-1024 -3072 514 ) (-1024 -3072 4181.500000 ) 
4 177 185 (-1024 -3072 514 ) (-1024 -3072 4181.500000 ) (-2048 -3072 4181.500000 ) (-2048 -3072 514 ) 
4 177 182 (-2048 -3072 514 ) (-2048 -3072 4181.500000 ) (-2048 -2048 4181.500000 ) (-2048 -2048 514 ) 
4 178 180 (-2048 -1024 514 ) (-2048 -1024 4181.500000 ) (-3072 -1024 4181.500000 ) (-3072 -1024 514 ) 
4 178 179 (-3072 0 4181.500000 ) (-3072 0 514 ) (-3072 -1024 514 ) (-3072 -1024 4181.500000 ) 
4 179 192 (-4096 0 4181.500000 ) (-4096 0 514 ) (-4096 -1024 514 ) (-4096 -1024 4181.500000 ) 
4 179 181 (-3072 -1024 514 ) (-3072 -1024 4181.500000 ) (-4096 -1024 4181.500000 ) (-4096 -1024 514 ) 
4 180 182 (-2048 -2048 514 ) (-2048 -2048 4181.500000 ) (-3072 -2048 4181.500000 ) (-3072 -2048 514 ) 
4 180 181 (-3072 -2048 514 ) (-3072 -2048 4181.500000 ) (-3072 -1024 4181.500000 ) (-3072 -1024 514 ) 
4 181 194 (-4096 -2048 514 ) (-4096 -2048 4181.500000 ) (-4096 -1024 4181.500000 ) (-4096 -1024 514 ) 
4 181 183 (-4096 -2048 4181.500000 ) (-4096 -2048 514 ) (-3072 -2048 514 ) (-3072 -2048 4181.500000 ) 
4 182 188 (-2048 -3072 514 ) (-2048 -3072 4181.500000 ) (-3072 -3072 4181.500000 ) (-3072 -3072 514 ) 
4 182 183 (-3072 -2048 4181.500000 ) (-3072 -2048 514 ) (-3072 -3072 514 ) (-3072 -3072 4181.500000 ) 
4 183 196 (-4096 -3072 514 ) (-4096 -3072 4181.500000 ) (-4096 -2048 4181.500000 ) (-4096 -2048 514 ) 
4 183 189 (-3072 -3072 514 ) (-3072 -3072 4181.500000 ) (-4096 -3072 4181.500000 ) (-4096 -3072 514 ) 
4 184 186 (0 -4096 514 ) (0 -4096 4181.500000 ) (-1024 -4096 4181.500000 ) (-1024 -4096 514 ) 
4 184 185 (-1024 -4096 514 ) (-1024 -4096 4181.500000 ) (-1024 -3072 4181.500000 ) (-1024 -3072 514 ) 
4 185 188 (-2048 -4096 514 ) (-2048 -4096 4181.500000 ) (-2048 -3072 4181.500000 ) (-2048 -3072 514 ) 
4 185 187 (-1024 -4096 514 ) (-1024 -4096 4181.500000 ) (-2048 -4096 4181.500000 ) (-2048 -4096 514 ) 
4 186 187 (-1024 -4096 4181.500000 ) (-1024 -4096 514 ) (-1024 -4838.819824 514 ) (-1024 -4838.819824 4181.500000 ) 
4 187 190 (-2048 -4838.819824 4181.500000 ) (-2048 -4096 4181.500000 ) (-2048 -4096 514 ) (-2048 -4838.819824 514 ) 
4 188 190 (-2048 -4096 514 ) (-2048 -4096 4181.500000 ) (-3072 -4096 4181.500000 ) (-3072 -4096 514 ) 
4 188 189 (-3072 -4096 514 ) (-3072 -4096 4181.500000 ) (-3072 -3072 4181.500000 ) (-3072 -3072 514 ) 
4 189 198 (-4096 -4096 514 ) (-4096 -4096 4181.500000 ) (-4096 -3072 4181.500000 ) (-4096 -3072 514 ) 
4 189 191 (-4096 -4096 4181.500000 ) (-4096 -4096 514 ) (-3072 -4096 514 ) (-3072 -4096 4181.500000 ) 
4 190 191 (-3072 -4096 4181.500000 ) (-3072 -4096 514 ) (-3072 -4838.819824 514 ) (-3072 -4838.819824 4181.500000 ) 
4 191 200 (-4096 -4838.819824 4181.500000 ) (-4096 -4096 4181.500000 ) (-4096 -4096 514 ) (-4096 -4838.819824 514 ) 
4 192 194 (-4096 -1024 514 ) (-4096 -1024 4181.500000 ) (-5120 -1024 4181.500000 ) (-5120 -1024 514 ) 
4 192 193 (-5120 0 4181.500000 ) (-5120 0 514 ) (-5120 -1024 514 ) (-5120 -1024 4181.500000 ) 
4 193 195 (-5120 -1024 514 ) (-5120 -1024 4181.500000 ) (-5814.299805 -1024 4181.500000 ) (-5814.299805 -1024 514 ) 
4 194 196 (-4096 -2048 514 ) (-4096 -2048 4181.500000 ) (-5120 -2048 4181.500000 ) (-5120 -2048 514 ) 
4 194 195 (-5120 -2048 514 ) (-5120 -2048 4181.500000 ) (-5120 -1024 4181.500000 ) (-5120 -1024 514 ) 
4 195 197 (-5120 -2048 514 ) (-5120 -2048 4181.500000 ) (-5814.299805 -2048 4181.500000 ) (-5814.299805 -2048 514 ) 
4 196 198 (-4096 -3072 514 ) (-4096 -3072 4181.500000 ) (-5120 -3072 4181.500000 ) (-5120 -3072 514 ) 
4 196 197 (-5120 -2048 4181.500000 ) (-5120 -2048 514 ) (-5120 -3072 514 ) (-5120 -3072 4181.500000 ) 
4 197 199 (-5120 -3072 514 ) (-5120 -3072 4181.500000 ) (-5814.299805 -3072 4181.500000 ) (-5814.299805 -3072 514 ) 
4 198 200 (-4096 -4096 514 ) (-4096 -4096 4181.500000 ) (-5120 -4096 4181.500000 ) (-5120 -4096 514 ) 
4 198 199 (-5120 -4096 514 ) (-5120 -4096 4181.500000 ) (-5120 -3072 4181.500000 ) (-5120 -3072 514 ) 
4 199 201 (-5120 -4096 514 ) (-5120 -4096 4181.500000 ) (-5814.299805 -4096 4181.500000 ) (-5814.299805 -4096 514 ) 
4 200 201 (-5120 -4096 4181.500000 ) (-5120 -4096 514 ) (-5120 -4838.819824 514 ) (-5120 -4838.819824 4181.500000 ) 
